# JRE version: Java(TM) SE Runtime Environment (8.0_131-b11) (build 1.8.0_131-b11)
# Java VM: Java HotSpot(TM) 64-Bit Server VM (25.131-b11 mixed mode windows-amd64 compressed oops)
Heap:
 PSYoungGen      total 401408K, used 245686K [0x0000000780900000, 0x00000007a8100000, 0x00000007c0000000)
  eden space 392704K, 62% used [0x0000000780900000,0x000000078f815a40,0x0000000798880000)
  from space 8704K, 9% used [0x0000000798880000,0x0000000798958000,0x0000000799100000)
  to   space 9216K, 0% used [0x00000007a7800000,0x00000007a7800000,0x00000007a8100000)
 ParOldGen       total 131072K, used 5264K [0x0000000701a00000, 0x0000000709a00000, 0x0000000780900000)
  object space 131072K, 4% used [0x0000000701a00000,0x0000000701f240a0,0x0000000709a00000)
 Metaspace       used 16374K, capacity 16583K, committed 16896K, reserved 1064960K
  class space    used 1938K, capacity 2026K, committed 2048K, reserved 1048576K
GC Heap History (10 events):
Event: 3.976 GC heap before
{Heap before GC invocations=5 (full 0):
 PSYoungGen      total 106496K, used 104806K [0x0000000780900000, 0x0000000787900000, 0x00000007c0000000)
  eden space 98304K, 100% used [0x0000000780900000,0x0000000786900000,0x0000000786900000)
  from space 8192K, 79% used [0x0000000787100000,0x0000000787759860,0x0000000787900000)
  to   space 8192K, 0% used [0x0000000786900000,0x0000000786900000,0x0000000787100000)
 ParOldGen       total 131072K, used 16K [0x0000000701a00000, 0x0000000709a00000, 0x0000000780900000)
  object space 131072K, 0% used [0x0000000701a00000,0x0000000701a04000,0x0000000709a00000)
 Metaspace       used 16239K, capacity 16455K, committed 16896K, reserved 1064960K
  class space    used 1938K, capacity 2026K, committed 2048K, reserved 1048576K
Event: 3.985 GC heap after
Heap after GC invocations=5 (full 0):
 PSYoungGen      total 106496K, used 6470K [0x0000000780900000, 0x000000078d700000, 0x00000007c0000000)
  eden space 98304K, 0% used [0x0000000780900000,0x0000000780900000,0x0000000786900000)
  from space 8192K, 78% used [0x0000000786900000,0x0000000786f51860,0x0000000787100000)
  to   space 7168K, 0% used [0x000000078d000000,0x000000078d000000,0x000000078d700000)
 ParOldGen       total 131072K, used 16K [0x0000000701a00000, 0x0000000709a00000, 0x0000000780900000)
  object space 131072K, 0% used [0x0000000701a00000,0x0000000701a04000,0x0000000709a00000)
 Metaspace       used 16239K, capacity 16455K, committed 16896K, reserved 1064960K
  class space    used 1938K, capacity 2026K, committed 2048K, reserved 1048576K
}
Event: 4.244 GC heap before
{Heap before GC invocations=6 (full 0):
 PSYoungGen      total 106496K, used 104774K [0x0000000780900000, 0x000000078d700000, 0x00000007c0000000)
  eden space 98304K, 100% used [0x0000000780900000,0x0000000786900000,0x0000000786900000)
  from space 8192K, 78% used [0x0000000786900000,0x0000000786f51860,0x0000000787100000)
  to   space 7168K, 0% used [0x000000078d000000,0x000000078d000000,0x000000078d700000)
 ParOldGen       total 131072K, used 16K [0x0000000701a00000, 0x0000000709a00000, 0x0000000780900000)
  object space 131072K, 0% used [0x0000000701a00000,0x0000000701a04000,0x0000000709a00000)
 Metaspace       used 16250K, capacity 16455K, committed 16896K, reserved 1064960K
  class space    used 1938K, capacity 2026K, committed 2048K, reserved 1048576K
Event: 4.255 GC heap after
Heap after GC invocations=6 (full 0):
 PSYoungGen      total 203776K, used 5782K [0x0000000780900000, 0x000000078d700000, 0x00000007c0000000)
  eden space 196608K, 0% used [0x0000000780900000,0x0000000780900000,0x000000078c900000)
  from space 7168K, 80% used [0x000000078d000000,0x000000078d5a5850,0x000000078d700000)
  to   space 7168K, 0% used [0x000000078c900000,0x000000078c900000,0x000000078d000000)
 ParOldGen       total 131072K, used 16K [0x0000000701a00000, 0x0000000709a00000, 0x0000000780900000)
  object space 131072K, 0% used [0x0000000701a00000,0x0000000701a04000,0x0000000709a00000)
 Metaspace       used 16250K, capacity 16455K, committed 16896K, reserved 1064960K
  class space    used 1938K, capacity 2026K, committed 2048K, reserved 1048576K
}
Event: 5.058 GC heap before
{Heap before GC invocations=7 (full 0):
 PSYoungGen      total 203776K, used 202390K [0x0000000780900000, 0x000000078d700000, 0x00000007c0000000)
  eden space 196608K, 100% used [0x0000000780900000,0x000000078c900000,0x000000078c900000)
  from space 7168K, 80% used [0x000000078d000000,0x000000078d5a5850,0x000000078d700000)
  to   space 7168K, 0% used [0x000000078c900000,0x000000078c900000,0x000000078d000000)
 ParOldGen       total 131072K, used 16K [0x0000000701a00000, 0x0000000709a00000, 0x0000000780900000)
  object space 131072K, 0% used [0x0000000701a00000,0x0000000701a04000,0x0000000709a00000)
 Metaspace       used 16307K, capacity 16519K, committed 16896K, reserved 1064960K
  class space    used 1938K, capacity 2026K, committed 2048K, reserved 1048576K
Event: 5.070 GC heap after
Heap after GC invocations=7 (full 0):
 PSYoungGen      total 203776K, used 1120K [0x0000000780900000, 0x0000000799900000, 0x00000007c0000000)
  eden space 196608K, 0% used [0x0000000780900000,0x0000000780900000,0x000000078c900000)
  from space 7168K, 15% used [0x000000078c900000,0x000000078ca18000,0x000000078d000000)
  to   space 8192K, 0% used [0x0000000799100000,0x0000000799100000,0x0000000799900000)
 ParOldGen       total 131072K, used 4919K [0x0000000701a00000, 0x0000000709a00000, 0x0000000780900000)
  object space 131072K, 3% used [0x0000000701a00000,0x0000000701ecdc80,0x0000000709a00000)
 Metaspace       used 16307K, capacity 16519K, committed 16896K, reserved 1064960K
  class space    used 1938K, capacity 2026K, committed 2048K, reserved 1048576K
}
Event: 5.556 GC heap before
{Heap before GC invocations=8 (full 0):
 PSYoungGen      total 203776K, used 197728K [0x0000000780900000, 0x0000000799900000, 0x00000007c0000000)
  eden space 196608K, 100% used [0x0000000780900000,0x000000078c900000,0x000000078c900000)
  from space 7168K, 15% used [0x000000078c900000,0x000000078ca18000,0x000000078d000000)
  to   space 8192K, 0% used [0x0000000799100000,0x0000000799100000,0x0000000799900000)
 ParOldGen       total 131072K, used 4919K [0x0000000701a00000, 0x0000000709a00000, 0x0000000780900000)
  object space 131072K, 3% used [0x0000000701a00000,0x0000000701ecdc80,0x0000000709a00000)
 Metaspace       used 16344K, capacity 16583K, committed 16896K, reserved 1064960K
  class space    used 1938K, capacity 2026K, committed 2048K, reserved 1048576K
Event: 5.560 GC heap after
Heap after GC invocations=8 (full 0):
 PSYoungGen      total 400896K, used 1056K [0x0000000780900000, 0x0000000799a00000, 0x00000007c0000000)
  eden space 392704K, 0% used [0x0000000780900000,0x0000000780900000,0x0000000798880000)
  from space 8192K, 12% used [0x0000000799100000,0x0000000799208000,0x0000000799900000)
  to   space 8704K, 0% used [0x0000000798880000,0x0000000798880000,0x0000000799100000)
 ParOldGen       total 131072K, used 4985K [0x0000000701a00000, 0x0000000709a00000, 0x0000000780900000)
  object space 131072K, 3% used [0x0000000701a00000,0x0000000701ede790,0x0000000709a00000)
 Metaspace       used 16344K, capacity 16583K, committed 16896K, reserved 1064960K
  class space    used 1938K, capacity 2026K, committed 2048K, reserved 1048576K
}
Event: 6.785 GC heap before
{Heap before GC invocations=9 (full 0):
 PSYoungGen      total 400896K, used 393760K [0x0000000780900000, 0x0000000799a00000, 0x00000007c0000000)
  eden space 392704K, 100% used [0x0000000780900000,0x0000000798880000,0x0000000798880000)
  from space 8192K, 12% used [0x0000000799100000,0x0000000799208000,0x0000000799900000)
  to   space 8704K, 0% used [0x0000000798880000,0x0000000798880000,0x0000000799100000)
 ParOldGen       total 131072K, used 4985K [0x0000000701a00000, 0x0000000709a00000, 0x0000000780900000)
  object space 131072K, 3% used [0x0000000701a00000,0x0000000701ede790,0x0000000709a00000)
 Metaspace       used 16364K, capacity 16583K, committed 16896K, reserved 1064960K
  class space    used 1938K, capacity 2026K, committed 2048K, reserved 1048576K
Event: 6.794 GC heap after
Heap after GC invocations=9 (full 0):
 PSYoungGen      total 401408K, used 864K [0x0000000780900000, 0x00000007a8100000, 0x00000007c0000000)
  eden space 392704K, 0% used [0x0000000780900000,0x0000000780900000,0x0000000798880000)
  from space 8704K, 9% used [0x0000000798880000,0x0000000798958000,0x0000000799100000)
  to   space 9216K, 0% used [0x00000007a7800000,0x00000007a7800000,0x00000007a8100000)
 ParOldGen       total 131072K, used 5264K [0x0000000701a00000, 0x0000000709a00000, 0x0000000780900000)
  object space 131072K, 4% used [0x0000000701a00000,0x0000000701f240a0,0x0000000709a00000)
 Metaspace       used 16364K, capacity 16583K, committed 16896K, reserved 1064960K
  class space    used 1938K, capacity 2026K, committed 2048K, reserved 1048576K
}

